<?xml version="1.0" encoding="UTF-8"?>
<!-- Generated by org.testng.reporters.JUnitReportReporter -->
<testsuite hostname="LSTKAG140472" failures="0" tests="1" name="TestCaseWindow" time="59.728" errors="0" timestamp="15 May 2021 07:46:40 GMT" skipped="0">
  <testcase classname="TestCaseWindow" name="f" time="59.728"/>
</testsuite> <!-- TestCaseWindow -->
