<?xml version="1.0" encoding="UTF-8"?>
<!-- Generated by org.testng.reporters.JUnitReportReporter -->
<testsuite hostname="LSTKAG140472" failures="0" tests="1" name="testCases.TestCase1MicrosoftAddToCart" time="28.135" errors="0" timestamp="15 May 2021 20:04:10 GMT" skipped="0">
  <testcase classname="testCases.TestCase1MicrosoftAddToCart" name="testCaseWindow" time="28.135"/>
</testsuite> <!-- testCases.TestCase1MicrosoftAddToCart -->
