<?xml version="1.0" encoding="UTF-8"?>
<!-- Generated by org.testng.reporters.JUnitReportReporter -->
<testsuite hostname="LSTKAG140472" failures="0" tests="1" name="testCases.TestCase1AddToCart" time="33.089" errors="0" timestamp="15 May 2021 18:00:28 GMT" skipped="0">
  <testcase classname="testCases.TestCase1AddToCart" name="testCaseWindow" time="33.089"/>
</testsuite> <!-- testCases.TestCase1AddToCart -->
