<?xml version="1.0" encoding="UTF-8"?>
<!-- Generated by org.testng.reporters.JUnitReportReporter -->
<testsuite hostname="LSTKAG140472" failures="0" tests="1" name="testCases.TestCase2Amazon" time="9.609" errors="0" timestamp="15 May 2021 21:24:16 GMT" skipped="0">
  <testcase classname="testCases.TestCase2Amazon" name="testCaseWindow" time="9.609"/>
</testsuite> <!-- testCases.TestCase2Amazon -->
